{"/home/alex/Área de Trabalho/TS-NODE/Mini-E-commerce-TS-Prisma/src/server.ts": {"path":"/home/alex/Área de Trabalho/TS-NODE/Mini-E-commerce-TS-Prisma/src/server.ts","statementMap":{"0":{"start":{"line":1,"column":0},"end":{"line":1,"column":30}},"1":{"start":{"line":2,"column":0},"end":{"line":2,"column":41}},"2":{"start":{"line":3,"column":0},"end":{"line":3,"column":43}},"3":{"start":{"line":4,"column":0},"end":{"line":4,"column":52}},"4":{"start":{"line":6,"column":12},"end":{"line":6,"column":21}},"5":{"start":{"line":7,"column":13},"end":{"line":7,"column":29}},"6":{"start":{"line":9,"column":0},"end":{"line":9,"column":24}},"7":{"start":{"line":10,"column":0},"end":{"line":10,"column":24}},"8":{"start":{"line":11,"column":0},"end":{"line":11,"column":17}},"9":{"start":{"line":13,"column":0},"end":{"line":18,"column":3}},"10":{"start":{"line":14,"column":2},"end":{"line":14,"column":63}},"11":{"start":{"line":16,"column":2},"end":{"line":16,"column":25}},"12":{"start":{"line":17,"column":2},"end":{"line":17,"column":69}}},"fnMap":{"0":{"name":"(anonymous_1)","decl":{"start":{"line":13,"column":17},"end":{"line":13,"column":20}},"loc":{"start":{"line":13,"column":22},"end":{"line":18,"column":1}}}},"branchMap":{},"s":{"0":0,"1":0,"2":0,"3":0,"4":0,"5":0,"6":0,"7":0,"8":0,"9":0,"10":0,"11":0,"12":0},"f":{"0":0},"b":{}}
,"/home/alex/Área de Trabalho/TS-NODE/Mini-E-commerce-TS-Prisma/src/auth/jwt.ts": {"path":"/home/alex/Área de Trabalho/TS-NODE/Mini-E-commerce-TS-Prisma/src/auth/jwt.ts","statementMap":{"0":{"start":{"line":2,"column":0},"end":{"line":2,"column":46}},"1":{"start":{"line":4,"column":15},"end":{"line":4,"column":33}},"2":{"start":{"line":5,"column":0},"end":{"line":5,"column":28}},"3":{"start":{"line":6,"column":0},"end":{"line":6,"column":16}},"4":{"start":{"line":8,"column":0},"end":{"line":8,"column":44}},"5":{"start":{"line":15,"column":26},"end":{"line":28,"column":1}},"6":{"start":{"line":16,"column":22},"end":{"line":24,"column":null}},"7":{"start":{"line":27,"column":2},"end":{"line":27,"column":21}},"8":{"start":{"line":187,"column":9},"end":{"line":187,"column":26}},"9":{"start":{"line":30,"column":27},"end":{"line":43,"column":1}},"10":{"start":{"line":31,"column":23},"end":{"line":39,"column":null}},"11":{"start":{"line":42,"column":2},"end":{"line":42,"column":22}},"12":{"start":{"line":187,"column":28},"end":{"line":187,"column":46}},"13":{"start":{"line":45,"column":30},"end":{"line":57,"column":1}},"14":{"start":{"line":46,"column":18},"end":{"line":46,"column":68}},"15":{"start":{"line":47,"column":18},"end":{"line":47,"column":44}},"16":{"start":{"line":48,"column":22},"end":{"line":48,"column":51}},"17":{"start":{"line":49,"column":27},"end":{"line":49,"column":30}},"18":{"start":{"line":50,"column":30},"end":{"line":50,"column":60}},"19":{"start":{"line":52,"column":2},"end":{"line":54,"column":3}},"20":{"start":{"line":53,"column":4},"end":{"line":53,"column":16}},"21":{"start":{"line":56,"column":2},"end":{"line":56,"column":15}},"22":{"start":{"line":59,"column":25},"end":{"line":152,"column":2}},"23":{"start":{"line":63,"column":4},"end":{"line":152,"column":2}},"24":{"start":{"line":64,"column":2},"end":{"line":151,"column":3}},"25":{"start":{"line":65,"column":25},"end":{"line":65,"column":52}},"26":{"start":{"line":67,"column":4},"end":{"line":69,"column":5}},"27":{"start":{"line":68,"column":6},"end":{"line":68,"column":77}},"28":{"start":{"line":71,"column":20},"end":{"line":71,"column":78}},"29":{"start":{"line":73,"column":4},"end":{"line":77,"column":5}},"30":{"start":{"line":74,"column":6},"end":{"line":76,"column":66}},"31":{"start":{"line":79,"column":29},"end":{"line":84,"column":6}},"32":{"start":{"line":86,"column":4},"end":{"line":88,"column":5}},"33":{"start":{"line":87,"column":6},"end":{"line":87,"column":77}},"34":{"start":{"line":90,"column":30},"end":{"line":95,"column":6}},"35":{"start":{"line":97,"column":4},"end":{"line":99,"column":5}},"36":{"start":{"line":98,"column":6},"end":{"line":98,"column":77}},"37":{"start":{"line":101,"column":27},"end":{"line":105,"column":null}},"38":{"start":{"line":108,"column":30},"end":{"line":108,"column":49}},"39":{"start":{"line":110,"column":4},"end":{"line":115,"column":7}},"40":{"start":{"line":117,"column":4},"end":{"line":129,"column":7}},"41":{"start":{"line":131,"column":4},"end":{"line":143,"column":7}},"42":{"start":{"line":145,"column":4},"end":{"line":145,"column":18}},"43":{"start":{"line":147,"column":4},"end":{"line":147,"column":23}},"44":{"start":{"line":148,"column":4},"end":{"line":150,"column":71}},"45":{"start":{"line":154,"column":20},"end":{"line":185,"column":1}},"46":{"start":{"line":155,"column":22},"end":{"line":155,"column":48}},"47":{"start":{"line":157,"column":2},"end":{"line":159,"column":3}},"48":{"start":{"line":158,"column":4},"end":{"line":158,"column":44}},"49":{"start":{"line":161,"column":2},"end":{"line":184,"column":3}},"50":{"start":{"line":162,"column":29},"end":{"line":164,"column":null}},"51":{"start":{"line":167,"column":4},"end":{"line":171,"column":5}},"52":{"start":{"line":168,"column":6},"end":{"line":170,"column":65}},"53":{"start":{"line":173,"column":4},"end":{"line":175,"column":5}},"54":{"start":{"line":174,"column":6},"end":{"line":174,"column":46}},"55":{"start":{"line":177,"column":4},"end":{"line":177,"column":25}},"56":{"start":{"line":178,"column":4},"end":{"line":178,"column":18}},"57":{"start":{"line":180,"column":4},"end":{"line":180,"column":23}},"58":{"start":{"line":181,"column":4},"end":{"line":183,"column":69}},"59":{"start":{"line":187,"column":48},"end":{"line":187,"column":59}}},"fnMap":{"0":{"name":"(anonymous_8)","decl":{"start":{"line":15,"column":26},"end":{"line":15,"column":27}},"loc":{"start":{"line":15,"column":68},"end":{"line":28,"column":1}}},"1":{"name":"(anonymous_9)","decl":{"start":{"line":30,"column":27},"end":{"line":30,"column":28}},"loc":{"start":{"line":30,"column":69},"end":{"line":43,"column":1}}},"2":{"name":"(anonymous_10)","decl":{"start":{"line":45,"column":30},"end":{"line":45,"column":31}},"loc":{"start":{"line":45,"column":48},"end":{"line":57,"column":1}}},"3":{"name":"(anonymous_11)","decl":{"start":{"line":59,"column":25},"end":{"line":59,"column":null}},"loc":{"start":{"line":63,"column":4},"end":{"line":152,"column":2}}},"4":{"name":"(anonymous_12)","decl":{"start":{"line":63,"column":4},"end":{"line":63,"column":null}},"loc":{"start":{"line":63,"column":4},"end":{"line":152,"column":1}}},"5":{"name":"(anonymous_13)","decl":{"start":{"line":154,"column":20},"end":{"line":154,"column":21}},"loc":{"start":{"line":154,"column":72},"end":{"line":185,"column":1}}}},"branchMap":{"0":{"loc":{"start":{"line":52,"column":2},"end":{"line":54,"column":3}},"type":"if","locations":[{"start":{"line":52,"column":2},"end":{"line":54,"column":3}}]},"1":{"loc":{"start":{"line":67,"column":4},"end":{"line":69,"column":5}},"type":"if","locations":[{"start":{"line":67,"column":4},"end":{"line":69,"column":5}}]},"2":{"loc":{"start":{"line":73,"column":4},"end":{"line":77,"column":5}},"type":"if","locations":[{"start":{"line":73,"column":4},"end":{"line":77,"column":5}}]},"3":{"loc":{"start":{"line":86,"column":4},"end":{"line":88,"column":5}},"type":"if","locations":[{"start":{"line":86,"column":4},"end":{"line":88,"column":5}}]},"4":{"loc":{"start":{"line":97,"column":4},"end":{"line":99,"column":5}},"type":"if","locations":[{"start":{"line":97,"column":4},"end":{"line":99,"column":5}}]},"5":{"loc":{"start":{"line":157,"column":2},"end":{"line":159,"column":3}},"type":"if","locations":[{"start":{"line":157,"column":2},"end":{"line":159,"column":3}}]},"6":{"loc":{"start":{"line":167,"column":4},"end":{"line":171,"column":5}},"type":"if","locations":[{"start":{"line":167,"column":4},"end":{"line":171,"column":5}}]},"7":{"loc":{"start":{"line":173,"column":4},"end":{"line":175,"column":5}},"type":"if","locations":[{"start":{"line":173,"column":4},"end":{"line":175,"column":5}}]}},"s":{"0":2,"1":2,"2":2,"3":2,"4":2,"5":2,"6":1,"7":1,"8":2,"9":2,"10":1,"11":1,"12":2,"13":2,"14":0,"15":0,"16":0,"17":0,"18":0,"19":0,"20":0,"21":0,"22":2,"23":0,"24":0,"25":0,"26":0,"27":0,"28":0,"29":0,"30":0,"31":0,"32":0,"33":0,"34":0,"35":0,"36":0,"37":0,"38":0,"39":0,"40":0,"41":0,"42":0,"43":0,"44":0,"45":2,"46":0,"47":0,"48":0,"49":0,"50":0,"51":0,"52":0,"53":0,"54":0,"55":0,"56":0,"57":0,"58":0,"59":2},"f":{"0":1,"1":1,"2":0,"3":0,"4":0,"5":0},"b":{"0":[0],"1":[0],"2":[0],"3":[0],"4":[0],"5":[0],"6":[0],"7":[0]}}
,"/home/alex/Área de Trabalho/TS-NODE/Mini-E-commerce-TS-Prisma/src/database/index.ts": {"path":"/home/alex/Área de Trabalho/TS-NODE/Mini-E-commerce-TS-Prisma/src/database/index.ts","statementMap":{"0":{"start":{"line":1,"column":0},"end":{"line":1,"column":46}},"1":{"start":{"line":2,"column":15},"end":{"line":2,"column":33}},"2":{"start":{"line":4,"column":9},"end":{"line":4,"column":15}}},"fnMap":{},"branchMap":{},"s":{"0":3,"1":3,"2":3},"f":{},"b":{}}
,"/home/alex/Área de Trabalho/TS-NODE/Mini-E-commerce-TS-Prisma/src/middleware/cors.ts": {"path":"/home/alex/Área de Trabalho/TS-NODE/Mini-E-commerce-TS-Prisma/src/middleware/cors.ts","statementMap":{"0":{"start":{"line":1,"column":0},"end":{"line":1,"column":33}},"1":{"start":{"line":2,"column":0},"end":{"line":2,"column":24}},"2":{"start":{"line":4,"column":15},"end":{"line":4,"column":23}},"3":{"start":{"line":6,"column":20},"end":{"line":11,"column":null}},"4":{"start":{"line":14,"column":9},"end":{"line":14,"column":20}}},"fnMap":{},"branchMap":{},"s":{"0":0,"1":0,"2":0,"3":0,"4":0},"f":{},"b":{}}
,"/home/alex/Área de Trabalho/TS-NODE/Mini-E-commerce-TS-Prisma/src/middleware/keycloak.ts": {"path":"/home/alex/Área de Trabalho/TS-NODE/Mini-E-commerce-TS-Prisma/src/middleware/keycloak.ts","statementMap":{"0":{"start":{"line":1,"column":0},"end":{"line":1,"column":67}},"1":{"start":{"line":2,"column":0},"end":{"line":2,"column":33}},"2":{"start":{"line":3,"column":0},"end":{"line":3,"column":38}},"3":{"start":{"line":4,"column":0},"end":{"line":4,"column":28}},"4":{"start":{"line":5,"column":0},"end":{"line":5,"column":16}},"5":{"start":{"line":7,"column":15},"end":{"line":7,"column":23}},"6":{"start":{"line":9,"column":24},"end":{"line":14,"column":null}},"7":{"start":{"line":35,"column":9},"end":{"line":35,"column":24}},"8":{"start":{"line":17,"column":39},"end":{"line":23,"column":2}},"9":{"start":{"line":25,"column":17},"end":{"line":32,"column":null}},"10":{"start":{"line":35,"column":26},"end":{"line":35,"column":34}}},"fnMap":{},"branchMap":{},"s":{"0":0,"1":0,"2":0,"3":0,"4":0,"5":0,"6":0,"7":0,"8":0,"9":0,"10":0},"f":{},"b":{}}
,"/home/alex/Área de Trabalho/TS-NODE/Mini-E-commerce-TS-Prisma/src/middleware/routeRateLimit.ts": {"path":"/home/alex/Área de Trabalho/TS-NODE/Mini-E-commerce-TS-Prisma/src/middleware/routeRateLimit.ts","statementMap":{"0":{"start":{"line":1,"column":0},"end":{"line":1,"column":43}},"1":{"start":{"line":2,"column":0},"end":{"line":2,"column":41}},"2":{"start":{"line":3,"column":0},"end":{"line":3,"column":55}},"3":{"start":{"line":5,"column":13},"end":{"line":28,"column":3}},"4":{"start":{"line":12,"column":20},"end":{"line":18,"column":6}},"5":{"start":{"line":20,"column":4},"end":{"line":24,"column":7}},"6":{"start":{"line":26,"column":4},"end":{"line":26,"column":81}}},"fnMap":{"0":{"name":"(anonymous_1)","decl":{"start":{"line":11,"column":11},"end":{"line":11,"column":12}},"loc":{"start":{"line":11,"column":24},"end":{"line":27,"column":3}}}},"branchMap":{},"s":{"0":0,"1":0,"2":0,"3":0,"4":0,"5":0,"6":0},"f":{"0":0},"b":{}}
,"/home/alex/Área de Trabalho/TS-NODE/Mini-E-commerce-TS-Prisma/src/middleware/serverRateLimit.ts": {"path":"/home/alex/Área de Trabalho/TS-NODE/Mini-E-commerce-TS-Prisma/src/middleware/serverRateLimit.ts","statementMap":{"0":{"start":{"line":1,"column":0},"end":{"line":1,"column":43}},"1":{"start":{"line":2,"column":0},"end":{"line":2,"column":41}},"2":{"start":{"line":3,"column":0},"end":{"line":3,"column":55}},"3":{"start":{"line":5,"column":13},"end":{"line":26,"column":3}},"4":{"start":{"line":12,"column":20},"end":{"line":17,"column":6}},"5":{"start":{"line":19,"column":4},"end":{"line":23,"column":7}},"6":{"start":{"line":24,"column":4},"end":{"line":24,"column":82}}},"fnMap":{"0":{"name":"(anonymous_1)","decl":{"start":{"line":11,"column":11},"end":{"line":11,"column":12}},"loc":{"start":{"line":11,"column":24},"end":{"line":25,"column":3}}}},"branchMap":{},"s":{"0":0,"1":0,"2":0,"3":0,"4":0,"5":0,"6":0},"f":{"0":0},"b":{}}
,"/home/alex/Área de Trabalho/TS-NODE/Mini-E-commerce-TS-Prisma/src/middleware/validateResource.ts": {"path":"/home/alex/Área de Trabalho/TS-NODE/Mini-E-commerce-TS-Prisma/src/middleware/validateResource.ts","statementMap":{"0":{"start":{"line":5,"column":2},"end":{"line":16,"column":3}},"1":{"start":{"line":5,"column":28},"end":{"line":16,"column":3}},"2":{"start":{"line":6,"column":4},"end":{"line":15,"column":5}},"3":{"start":{"line":7,"column":6},"end":{"line":11,"column":9}},"4":{"start":{"line":12,"column":6},"end":{"line":12,"column":13}},"5":{"start":{"line":14,"column":6},"end":{"line":14,"column":44}},"6":{"start":{"line":18,"column":9},"end":{"line":18,"column":25}}},"fnMap":{"0":{"name":"(anonymous_0)","decl":{"start":{"line":5,"column":2},"end":{"line":5,"column":3}},"loc":{"start":{"line":5,"column":28},"end":{"line":16,"column":3}}},"1":{"name":"(anonymous_1)","decl":{"start":{"line":5,"column":28},"end":{"line":5,"column":29}},"loc":{"start":{"line":5,"column":80},"end":{"line":16,"column":3}}}},"branchMap":{},"s":{"0":0,"1":0,"2":0,"3":0,"4":0,"5":0,"6":0},"f":{"0":0,"1":0},"b":{}}
,"/home/alex/Área de Trabalho/TS-NODE/Mini-E-commerce-TS-Prisma/src/schema/user.schema.ts": {"path":"/home/alex/Área de Trabalho/TS-NODE/Mini-E-commerce-TS-Prisma/src/schema/user.schema.ts","statementMap":{"0":{"start":{"line":1,"column":0},"end":{"line":1,"column":45}},"1":{"start":{"line":42,"column":13},"end":{"line":54,"column":3}},"2":{"start":{"line":83,"column":13},"end":{"line":92,"column":3}},"3":{"start":{"line":119,"column":13},"end":{"line":128,"column":3}}},"fnMap":{},"branchMap":{},"s":{"0":0,"1":0,"2":0,"3":0},"f":{},"b":{}}
,"/home/alex/Área de Trabalho/TS-NODE/Mini-E-commerce-TS-Prisma/src/utils/api_metrics/tracer.ts": {"path":"/home/alex/Área de Trabalho/TS-NODE/Mini-E-commerce-TS-Prisma/src/utils/api_metrics/tracer.ts","statementMap":{"0":{"start":{"line":1,"column":0},"end":{"line":1,"column":57}},"1":{"start":{"line":2,"column":0},"end":{"line":2,"column":77}},"2":{"start":{"line":3,"column":0},"end":{"line":3,"column":80}},"3":{"start":{"line":4,"column":0},"end":{"line":4,"column":75}},"4":{"start":{"line":5,"column":0},"end":{"line":5,"column":88}},"5":{"start":{"line":6,"column":0},"end":{"line":6,"column":80}},"6":{"start":{"line":8,"column":12},"end":{"line":21,"column":2}},"7":{"start":{"line":23,"column":0},"end":{"line":28,"column":1}},"8":{"start":{"line":24,"column":2},"end":{"line":24,"column":14}},"9":{"start":{"line":25,"column":2},"end":{"line":25,"column":46}},"10":{"start":{"line":27,"column":2},"end":{"line":27,"column":48}}},"fnMap":{},"branchMap":{},"s":{"0":0,"1":0,"2":0,"3":0,"4":0,"5":0,"6":0,"7":0,"8":0,"9":0,"10":0},"f":{},"b":{}}
,"/home/alex/Área de Trabalho/TS-NODE/Mini-E-commerce-TS-Prisma/src/utils/docs/swagger.ts": {"path":"/home/alex/Área de Trabalho/TS-NODE/Mini-E-commerce-TS-Prisma/src/utils/docs/swagger.ts","statementMap":{"0":{"start":{"line":2,"column":0},"end":{"line":2,"column":48}},"1":{"start":{"line":3,"column":0},"end":{"line":3,"column":43}},"2":{"start":{"line":4,"column":0},"end":{"line":4,"column":41}},"3":{"start":{"line":6,"column":38},"end":{"line":20,"column":2}},"4":{"start":{"line":22,"column":20},"end":{"line":22,"column":41}},"5":{"start":{"line":25,"column":2},"end":{"line":25,"column":70}},"6":{"start":{"line":26,"column":2},"end":{"line":29,"column":5}},"7":{"start":{"line":27,"column":4},"end":{"line":27,"column":54}},"8":{"start":{"line":28,"column":4},"end":{"line":28,"column":26}},"9":{"start":{"line":32,"column":0},"end":{"line":32,"column":27}}},"fnMap":{"0":{"name":"swaggerDocs","decl":{"start":{"line":24,"column":9},"end":{"line":24,"column":20}},"loc":{"start":{"line":24,"column":47},"end":{"line":30,"column":1}}},"1":{"name":"(anonymous_2)","decl":{"start":{"line":26,"column":23},"end":{"line":26,"column":24}},"loc":{"start":{"line":26,"column":55},"end":{"line":29,"column":3}}}},"branchMap":{},"s":{"0":0,"1":0,"2":0,"3":0,"4":0,"5":0,"6":0,"7":0,"8":0,"9":0},"f":{"0":0,"1":0},"b":{}}
,"/home/alex/Área de Trabalho/TS-NODE/Mini-E-commerce-TS-Prisma/src/utils/log/logger.ts": {"path":"/home/alex/Área de Trabalho/TS-NODE/Mini-E-commerce-TS-Prisma/src/utils/log/logger.ts","statementMap":{"0":{"start":{"line":1,"column":0},"end":{"line":1,"column":59}},"1":{"start":{"line":2,"column":0},"end":{"line":2,"column":44}},"2":{"start":{"line":4,"column":15},"end":{"line":28,"column":2}},"3":{"start":{"line":9,"column":26},"end":{"line":16,"column":8}},"4":{"start":{"line":17,"column":6},"end":{"line":19,"column":62}},"5":{"start":{"line":30,"column":0},"end":{"line":30,"column":22}}},"fnMap":{"0":{"name":"(anonymous_1)","decl":{"start":{"line":8,"column":18},"end":{"line":8,"column":19}},"loc":{"start":{"line":8,"column":26},"end":{"line":20,"column":5}}}},"branchMap":{},"s":{"0":0,"1":0,"2":0,"3":0,"4":0,"5":0},"f":{"0":0},"b":{}}
,"/home/alex/Área de Trabalho/TS-NODE/Mini-E-commerce-TS-Prisma/src/utils/log/loggerPattern.ts": {"path":"/home/alex/Área de Trabalho/TS-NODE/Mini-E-commerce-TS-Prisma/src/utils/log/loggerPattern.ts","statementMap":{"0":{"start":{"line":24,"column":4},"end":{"line":24,"column":19}},"1":{"start":{"line":25,"column":4},"end":{"line":25,"column":31}},"2":{"start":{"line":26,"column":4},"end":{"line":26,"column":21}},"3":{"start":{"line":27,"column":4},"end":{"line":27,"column":23}},"4":{"start":{"line":28,"column":4},"end":{"line":28,"column":21}},"5":{"start":{"line":29,"column":4},"end":{"line":29,"column":19}},"6":{"start":{"line":33,"column":4},"end":{"line":33,"column":128}},"7":{"start":{"line":37,"column":4},"end":{"line":44,"column":6}},"8":{"start":{"line":48,"column":0},"end":{"line":48,"column":29}}},"fnMap":{"0":{"name":"(anonymous_0)","decl":{"start":{"line":9,"column":2},"end":{"line":9,"column":14}},"loc":{"start":{"line":23,"column":8},"end":{"line":30,"column":3}}},"1":{"name":"(anonymous_1)","decl":{"start":{"line":32,"column":2},"end":{"line":32,"column":5}},"loc":{"start":{"line":32,"column":5},"end":{"line":34,"column":3}}},"2":{"name":"(anonymous_2)","decl":{"start":{"line":36,"column":2},"end":{"line":36,"column":14}},"loc":{"start":{"line":36,"column":14},"end":{"line":45,"column":3}}}},"branchMap":{"0":{"loc":{"start":{"line":9,"column":14},"end":{"line":23,"column":8}},"type":"default-arg","locations":[{"start":{"line":23,"column":6},"end":{"line":23,"column":8}}]},"1":{"loc":{"start":{"line":10,"column":4},"end":{"line":10,"column":13}},"type":"default-arg","locations":[{"start":{"line":10,"column":10},"end":{"line":10,"column":13}}]},"2":{"loc":{"start":{"line":11,"column":4},"end":{"line":11,"column":19}},"type":"default-arg","locations":[{"start":{"line":11,"column":16},"end":{"line":11,"column":19}}]},"3":{"loc":{"start":{"line":12,"column":4},"end":{"line":12,"column":14}},"type":"default-arg","locations":[{"start":{"line":12,"column":11},"end":{"line":12,"column":14}}]},"4":{"loc":{"start":{"line":13,"column":4},"end":{"line":13,"column":15}},"type":"default-arg","locations":[{"start":{"line":13,"column":12},"end":{"line":13,"column":15}}]},"5":{"loc":{"start":{"line":14,"column":4},"end":{"line":14,"column":14}},"type":"default-arg","locations":[{"start":{"line":14,"column":11},"end":{"line":14,"column":14}}]},"6":{"loc":{"start":{"line":15,"column":4},"end":{"line":15,"column":13}},"type":"default-arg","locations":[{"start":{"line":15,"column":10},"end":{"line":15,"column":13}}]}},"s":{"0":14,"1":14,"2":14,"3":14,"4":14,"5":14,"6":14,"7":14,"8":3},"f":{"0":14,"1":14,"2":14},"b":{"0":[0],"1":[2],"2":[14],"3":[0],"4":[0],"5":[14],"6":[14]}}
,"/home/alex/Área de Trabalho/TS-NODE/Mini-E-commerce-TS-Prisma/src/v1/controllers/CategoryController.ts": {"path":"/home/alex/Área de Trabalho/TS-NODE/Mini-E-commerce-TS-Prisma/src/v1/controllers/CategoryController.ts","statementMap":{"0":{"start":{"line":3,"column":0},"end":{"line":3,"column":40}},"1":{"start":{"line":4,"column":0},"end":{"line":4,"column":44}},"2":{"start":{"line":5,"column":0},"end":{"line":5,"column":58}},"3":{"start":{"line":7,"column":30},"end":{"line":51,"column":2}},"4":{"start":{"line":7,"column":77},"end":{"line":51,"column":2}},"5":{"start":{"line":8,"column":2},"end":{"line":50,"column":3}},"6":{"start":{"line":9,"column":21},"end":{"line":9,"column":40}},"7":{"start":{"line":11,"column":17},"end":{"line":11,"column":68}},"8":{"start":{"line":12,"column":21},"end":{"line":12,"column":75}},"9":{"start":{"line":14,"column":19},"end":{"line":14,"column":40}},"10":{"start":{"line":16,"column":23},"end":{"line":19,"column":6}},"11":{"start":{"line":21,"column":4},"end":{"line":34,"column":5}},"12":{"start":{"line":22,"column":22},"end":{"line":25,"column":8}},"13":{"start":{"line":27,"column":6},"end":{"line":31,"column":9}},"14":{"start":{"line":33,"column":6},"end":{"line":33,"column":89}},"15":{"start":{"line":36,"column":4},"end":{"line":36,"column":49}},"16":{"start":{"line":38,"column":20},"end":{"line":41,"column":6}},"17":{"start":{"line":43,"column":4},"end":{"line":47,"column":7}},"18":{"start":{"line":49,"column":4},"end":{"line":49,"column":94}},"19":{"start":{"line":7,"column":13},"end":{"line":7,"column":30}}},"fnMap":{"0":{"name":"(anonymous_8)","decl":{"start":{"line":7,"column":30},"end":{"line":7,"column":37}},"loc":{"start":{"line":7,"column":77},"end":{"line":51,"column":2}}},"1":{"name":"(anonymous_9)","decl":{"start":{"line":7,"column":77},"end":{"line":7,"column":null}},"loc":{"start":{"line":7,"column":77},"end":{"line":51,"column":1}}}},"branchMap":{"0":{"loc":{"start":{"line":11,"column":17},"end":{"line":11,"column":68}},"type":"cond-expr","locations":[{"start":{"line":11,"column":38},"end":{"line":11,"column":64}},{"start":{"line":11,"column":67},"end":{"line":11,"column":68}}]},"1":{"loc":{"start":{"line":12,"column":21},"end":{"line":12,"column":75}},"type":"cond-expr","locations":[{"start":{"line":12,"column":43},"end":{"line":12,"column":70}},{"start":{"line":12,"column":73},"end":{"line":12,"column":75}}]},"2":{"loc":{"start":{"line":21,"column":4},"end":{"line":34,"column":5}},"type":"if","locations":[{"start":{"line":21,"column":4},"end":{"line":34,"column":5}}]}},"s":{"0":0,"1":0,"2":0,"3":0,"4":0,"5":0,"6":0,"7":0,"8":0,"9":0,"10":0,"11":0,"12":0,"13":0,"14":0,"15":0,"16":0,"17":0,"18":0,"19":0},"f":{"0":0,"1":0},"b":{"0":[0,0],"1":[0,0],"2":[0]}}
,"/home/alex/Área de Trabalho/TS-NODE/Mini-E-commerce-TS-Prisma/src/v1/controllers/UserController.ts": {"path":"/home/alex/Área de Trabalho/TS-NODE/Mini-E-commerce-TS-Prisma/src/v1/controllers/UserController.ts","statementMap":{"0":{"start":{"line":1,"column":0},"end":{"line":1,"column":null}},"1":{"start":{"line":7,"column":0},"end":{"line":7,"column":40}},"2":{"start":{"line":8,"column":0},"end":{"line":8,"column":71}},"3":{"start":{"line":9,"column":0},"end":{"line":9,"column":28}},"4":{"start":{"line":10,"column":0},"end":{"line":10,"column":44}},"5":{"start":{"line":11,"column":0},"end":{"line":11,"column":58}},"6":{"start":{"line":12,"column":0},"end":{"line":12,"column":38}},"7":{"start":{"line":16,"column":28},"end":{"line":124,"column":2}},"8":{"start":{"line":16,"column":104},"end":{"line":124,"column":2}},"9":{"start":{"line":17,"column":2},"end":{"line":123,"column":3}},"10":{"start":{"line":18,"column":42},"end":{"line":18,"column":50}},"11":{"start":{"line":20,"column":21},"end":{"line":20,"column":40}},"12":{"start":{"line":22,"column":4},"end":{"line":35,"column":5}},"13":{"start":{"line":23,"column":22},"end":{"line":27,"column":8}},"14":{"start":{"line":29,"column":6},"end":{"line":33,"column":9}},"15":{"start":{"line":34,"column":6},"end":{"line":34,"column":93}},"16":{"start":{"line":37,"column":25},"end":{"line":53,"column":6}},"17":{"start":{"line":55,"column":4},"end":{"line":68,"column":5}},"18":{"start":{"line":56,"column":22},"end":{"line":60,"column":8}},"19":{"start":{"line":62,"column":6},"end":{"line":66,"column":9}},"20":{"start":{"line":67,"column":6},"end":{"line":67,"column":98}},"21":{"start":{"line":70,"column":4},"end":{"line":103,"column":5}},"22":{"start":{"line":71,"column":29},"end":{"line":76,"column":8}},"23":{"start":{"line":78,"column":22},"end":{"line":84,"column":8}},"24":{"start":{"line":86,"column":6},"end":{"line":86,"column":53}},"25":{"start":{"line":88,"column":22},"end":{"line":92,"column":8}},"26":{"start":{"line":94,"column":6},"end":{"line":98,"column":9}},"27":{"start":{"line":100,"column":6},"end":{"line":100,"column":96}},"28":{"start":{"line":102,"column":6},"end":{"line":102,"column":98}},"29":{"start":{"line":105,"column":4},"end":{"line":122,"column":5}},"30":{"start":{"line":106,"column":6},"end":{"line":106,"column":80}},"31":{"start":{"line":107,"column":11},"end":{"line":122,"column":5}},"32":{"start":{"line":108,"column":6},"end":{"line":108,"column":80}},"33":{"start":{"line":110,"column":22},"end":{"line":113,"column":8}},"34":{"start":{"line":115,"column":6},"end":{"line":119,"column":9}},"35":{"start":{"line":120,"column":6},"end":{"line":120,"column":25}},"36":{"start":{"line":121,"column":6},"end":{"line":121,"column":91}},"37":{"start":{"line":16,"column":13},"end":{"line":16,"column":28}},"38":{"start":{"line":126,"column":25},"end":{"line":303,"column":2}},"39":{"start":{"line":126,"column":98},"end":{"line":303,"column":2}},"40":{"start":{"line":127,"column":2},"end":{"line":302,"column":3}},"41":{"start":{"line":128,"column":35},"end":{"line":128,"column":43}},"42":{"start":{"line":130,"column":21},"end":{"line":130,"column":40}},"43":{"start":{"line":132,"column":4},"end":{"line":145,"column":5}},"44":{"start":{"line":133,"column":22},"end":{"line":137,"column":8}},"45":{"start":{"line":139,"column":6},"end":{"line":143,"column":9}},"46":{"start":{"line":144,"column":6},"end":{"line":144,"column":93}},"47":{"start":{"line":147,"column":26},"end":{"line":147,"column":56}},"48":{"start":{"line":149,"column":4},"end":{"line":162,"column":5}},"49":{"start":{"line":150,"column":22},"end":{"line":154,"column":8}},"50":{"start":{"line":156,"column":6},"end":{"line":160,"column":9}},"51":{"start":{"line":161,"column":6},"end":{"line":161,"column":92}},"52":{"start":{"line":164,"column":25},"end":{"line":174,"column":6}},"53":{"start":{"line":176,"column":4},"end":{"line":189,"column":5}},"54":{"start":{"line":177,"column":22},"end":{"line":181,"column":8}},"55":{"start":{"line":183,"column":6},"end":{"line":187,"column":9}},"56":{"start":{"line":188,"column":6},"end":{"line":188,"column":98}},"57":{"start":{"line":191,"column":26},"end":{"line":191,"column":78}},"58":{"start":{"line":193,"column":4},"end":{"line":206,"column":5}},"59":{"start":{"line":194,"column":22},"end":{"line":198,"column":8}},"60":{"start":{"line":200,"column":6},"end":{"line":204,"column":9}},"61":{"start":{"line":205,"column":6},"end":{"line":205,"column":98}},"62":{"start":{"line":208,"column":32},"end":{"line":208,"column":46}},"63":{"start":{"line":209,"column":33},"end":{"line":209,"column":56}},"64":{"start":{"line":211,"column":24},"end":{"line":211,"column":76}},"65":{"start":{"line":212,"column":25},"end":{"line":212,"column":79}},"66":{"start":{"line":214,"column":4},"end":{"line":227,"column":5}},"67":{"start":{"line":215,"column":22},"end":{"line":219,"column":8}},"68":{"start":{"line":221,"column":6},"end":{"line":225,"column":9}},"69":{"start":{"line":226,"column":6},"end":{"line":226,"column":97}},"70":{"start":{"line":229,"column":4},"end":{"line":235,"column":7}},"71":{"start":{"line":237,"column":4},"end":{"line":243,"column":7}},"72":{"start":{"line":245,"column":4},"end":{"line":250,"column":7}},"73":{"start":{"line":252,"column":4},"end":{"line":257,"column":7}},"74":{"start":{"line":259,"column":26},"end":{"line":263,"column":6}},"75":{"start":{"line":265,"column":4},"end":{"line":269,"column":7}},"76":{"start":{"line":271,"column":20},"end":{"line":275,"column":6}},"77":{"start":{"line":277,"column":4},"end":{"line":281,"column":7}},"78":{"start":{"line":282,"column":4},"end":{"line":282,"column":96}},"79":{"start":{"line":284,"column":4},"end":{"line":301,"column":5}},"80":{"start":{"line":285,"column":6},"end":{"line":285,"column":80}},"81":{"start":{"line":286,"column":11},"end":{"line":301,"column":5}},"82":{"start":{"line":287,"column":6},"end":{"line":287,"column":80}},"83":{"start":{"line":289,"column":6},"end":{"line":289,"column":25}},"84":{"start":{"line":290,"column":22},"end":{"line":293,"column":8}},"85":{"start":{"line":295,"column":6},"end":{"line":299,"column":9}},"86":{"start":{"line":300,"column":6},"end":{"line":300,"column":91}},"87":{"start":{"line":126,"column":13},"end":{"line":126,"column":25}},"88":{"start":{"line":305,"column":26},"end":{"line":411,"column":2}},"89":{"start":{"line":305,"column":73},"end":{"line":411,"column":2}},"90":{"start":{"line":306,"column":2},"end":{"line":410,"column":3}},"91":{"start":{"line":307,"column":21},"end":{"line":307,"column":40}},"92":{"start":{"line":309,"column":25},"end":{"line":309,"column":55}},"93":{"start":{"line":311,"column":26},"end":{"line":311,"column":57}},"94":{"start":{"line":313,"column":4},"end":{"line":315,"column":5}},"95":{"start":{"line":314,"column":6},"end":{"line":314,"column":85}},"96":{"start":{"line":317,"column":29},"end":{"line":317,"column":86}},"97":{"start":{"line":318,"column":30},"end":{"line":318,"column":89}},"98":{"start":{"line":320,"column":4},"end":{"line":325,"column":5}},"99":{"start":{"line":321,"column":6},"end":{"line":324,"column":9}},"100":{"start":{"line":327,"column":40},"end":{"line":336,"column":6}},"101":{"start":{"line":338,"column":41},"end":{"line":346,"column":6}},"102":{"start":{"line":348,"column":4},"end":{"line":380,"column":5}},"103":{"start":{"line":352,"column":6},"end":{"line":352,"column":42}},"104":{"start":{"line":353,"column":6},"end":{"line":353,"column":43}},"105":{"start":{"line":354,"column":11},"end":{"line":380,"column":5}},"106":{"start":{"line":358,"column":6},"end":{"line":366,"column":9}},"107":{"start":{"line":368,"column":6},"end":{"line":376,"column":9}},"108":{"start":{"line":378,"column":6},"end":{"line":378,"column":42}},"109":{"start":{"line":379,"column":6},"end":{"line":379,"column":43}},"110":{"start":{"line":382,"column":20},"end":{"line":385,"column":6}},"111":{"start":{"line":387,"column":4},"end":{"line":391,"column":7}},"112":{"start":{"line":393,"column":4},"end":{"line":396,"column":7}},"113":{"start":{"line":398,"column":4},"end":{"line":398,"column":82}},"114":{"start":{"line":400,"column":20},"end":{"line":403,"column":6}},"115":{"start":{"line":405,"column":4},"end":{"line":409,"column":7}},"116":{"start":{"line":305,"column":13},"end":{"line":305,"column":26}},"117":{"start":{"line":413,"column":24},"end":{"line":457,"column":2}},"118":{"start":{"line":413,"column":71},"end":{"line":457,"column":2}},"119":{"start":{"line":414,"column":2},"end":{"line":456,"column":3}},"120":{"start":{"line":415,"column":21},"end":{"line":415,"column":40}},"121":{"start":{"line":417,"column":17},"end":{"line":417,"column":68}},"122":{"start":{"line":418,"column":21},"end":{"line":418,"column":75}},"123":{"start":{"line":420,"column":19},"end":{"line":420,"column":40}},"124":{"start":{"line":422,"column":18},"end":{"line":425,"column":6}},"125":{"start":{"line":427,"column":4},"end":{"line":440,"column":5}},"126":{"start":{"line":428,"column":22},"end":{"line":431,"column":8}},"127":{"start":{"line":433,"column":6},"end":{"line":437,"column":9}},"128":{"start":{"line":439,"column":6},"end":{"line":439,"column":84}},"129":{"start":{"line":442,"column":4},"end":{"line":442,"column":44}},"130":{"start":{"line":444,"column":20},"end":{"line":447,"column":6}},"131":{"start":{"line":449,"column":4},"end":{"line":453,"column":7}},"132":{"start":{"line":454,"column":4},"end":{"line":454,"column":23}},"133":{"start":{"line":455,"column":4},"end":{"line":455,"column":94}},"134":{"start":{"line":413,"column":13},"end":{"line":413,"column":24}},"135":{"start":{"line":459,"column":28},"end":{"line":523,"column":2}},"136":{"start":{"line":459,"column":75},"end":{"line":523,"column":2}},"137":{"start":{"line":460,"column":2},"end":{"line":522,"column":3}},"138":{"start":{"line":461,"column":21},"end":{"line":461,"column":40}},"139":{"start":{"line":463,"column":19},"end":{"line":463,"column":33}},"140":{"start":{"line":465,"column":17},"end":{"line":476,"column":6}},"141":{"start":{"line":478,"column":4},"end":{"line":494,"column":5}},"142":{"start":{"line":479,"column":22},"end":{"line":482,"column":8}},"143":{"start":{"line":484,"column":6},"end":{"line":488,"column":9}},"144":{"start":{"line":490,"column":6},"end":{"line":493,"column":9}},"145":{"start":{"line":496,"column":20},"end":{"line":500,"column":6}},"146":{"start":{"line":502,"column":4},"end":{"line":506,"column":7}},"147":{"start":{"line":508,"column":4},"end":{"line":508,"column":43}},"148":{"start":{"line":510,"column":20},"end":{"line":513,"column":6}},"149":{"start":{"line":515,"column":4},"end":{"line":519,"column":7}},"150":{"start":{"line":521,"column":4},"end":{"line":521,"column":94}},"151":{"start":{"line":459,"column":13},"end":{"line":459,"column":28}}},"fnMap":{"0":{"name":"(anonymous_8)","decl":{"start":{"line":16,"column":28},"end":{"line":16,"column":35}},"loc":{"start":{"line":16,"column":104},"end":{"line":124,"column":2}}},"1":{"name":"(anonymous_9)","decl":{"start":{"line":16,"column":104},"end":{"line":16,"column":null}},"loc":{"start":{"line":16,"column":104},"end":{"line":124,"column":1}}},"2":{"name":"(anonymous_10)","decl":{"start":{"line":126,"column":25},"end":{"line":126,"column":32}},"loc":{"start":{"line":126,"column":98},"end":{"line":303,"column":2}}},"3":{"name":"(anonymous_11)","decl":{"start":{"line":126,"column":98},"end":{"line":126,"column":null}},"loc":{"start":{"line":126,"column":98},"end":{"line":303,"column":1}}},"4":{"name":"(anonymous_12)","decl":{"start":{"line":305,"column":26},"end":{"line":305,"column":33}},"loc":{"start":{"line":305,"column":73},"end":{"line":411,"column":2}}},"5":{"name":"(anonymous_13)","decl":{"start":{"line":305,"column":73},"end":{"line":305,"column":null}},"loc":{"start":{"line":305,"column":73},"end":{"line":411,"column":1}}},"6":{"name":"(anonymous_14)","decl":{"start":{"line":413,"column":24},"end":{"line":413,"column":31}},"loc":{"start":{"line":413,"column":71},"end":{"line":457,"column":2}}},"7":{"name":"(anonymous_15)","decl":{"start":{"line":413,"column":71},"end":{"line":413,"column":null}},"loc":{"start":{"line":413,"column":71},"end":{"line":457,"column":1}}},"8":{"name":"(anonymous_16)","decl":{"start":{"line":459,"column":28},"end":{"line":459,"column":35}},"loc":{"start":{"line":459,"column":75},"end":{"line":523,"column":2}}},"9":{"name":"(anonymous_17)","decl":{"start":{"line":459,"column":75},"end":{"line":459,"column":null}},"loc":{"start":{"line":459,"column":75},"end":{"line":523,"column":1}}}},"branchMap":{"0":{"loc":{"start":{"line":22,"column":4},"end":{"line":35,"column":5}},"type":"if","locations":[{"start":{"line":22,"column":4},"end":{"line":35,"column":5}}]},"1":{"loc":{"start":{"line":22,"column":8},"end":{"line":22,"column":40}},"type":"binary-expr","locations":[{"start":{"line":22,"column":8},"end":{"line":22,"column":17}},{"start":{"line":22,"column":21},"end":{"line":22,"column":30}},{"start":{"line":22,"column":34},"end":{"line":22,"column":40}}]},"2":{"loc":{"start":{"line":55,"column":4},"end":{"line":68,"column":5}},"type":"if","locations":[{"start":{"line":55,"column":4},"end":{"line":68,"column":5}}]},"3":{"loc":{"start":{"line":105,"column":4},"end":{"line":122,"column":5}},"type":"if","locations":[{"start":{"line":105,"column":4},"end":{"line":122,"column":5}},{"start":{"line":107,"column":11},"end":{"line":122,"column":5}}]},"4":{"loc":{"start":{"line":107,"column":11},"end":{"line":122,"column":5}},"type":"if","locations":[{"start":{"line":107,"column":11},"end":{"line":122,"column":5}},{"start":{"line":109,"column":11},"end":{"line":122,"column":5}}]},"5":{"loc":{"start":{"line":132,"column":4},"end":{"line":145,"column":5}},"type":"if","locations":[{"start":{"line":132,"column":4},"end":{"line":145,"column":5}}]},"6":{"loc":{"start":{"line":132,"column":8},"end":{"line":132,"column":30}},"type":"binary-expr","locations":[{"start":{"line":132,"column":8},"end":{"line":132,"column":17}},{"start":{"line":132,"column":21},"end":{"line":132,"column":30}}]},"7":{"loc":{"start":{"line":149,"column":4},"end":{"line":162,"column":5}},"type":"if","locations":[{"start":{"line":149,"column":4},"end":{"line":162,"column":5}}]},"8":{"loc":{"start":{"line":176,"column":4},"end":{"line":189,"column":5}},"type":"if","locations":[{"start":{"line":176,"column":4},"end":{"line":189,"column":5}}]},"9":{"loc":{"start":{"line":193,"column":4},"end":{"line":206,"column":5}},"type":"if","locations":[{"start":{"line":193,"column":4},"end":{"line":206,"column":5}}]},"10":{"loc":{"start":{"line":214,"column":4},"end":{"line":227,"column":5}},"type":"if","locations":[{"start":{"line":214,"column":4},"end":{"line":227,"column":5}}]},"11":{"loc":{"start":{"line":214,"column":8},"end":{"line":214,"column":37}},"type":"binary-expr","locations":[{"start":{"line":214,"column":8},"end":{"line":214,"column":20}},{"start":{"line":214,"column":24},"end":{"line":214,"column":37}}]},"12":{"loc":{"start":{"line":284,"column":4},"end":{"line":301,"column":5}},"type":"if","locations":[{"start":{"line":284,"column":4},"end":{"line":301,"column":5}},{"start":{"line":286,"column":11},"end":{"line":301,"column":5}}]},"13":{"loc":{"start":{"line":286,"column":11},"end":{"line":301,"column":5}},"type":"if","locations":[{"start":{"line":286,"column":11},"end":{"line":301,"column":5}},{"start":{"line":288,"column":11},"end":{"line":301,"column":5}}]},"14":{"loc":{"start":{"line":313,"column":4},"end":{"line":315,"column":5}},"type":"if","locations":[{"start":{"line":313,"column":4},"end":{"line":315,"column":5}}]},"15":{"loc":{"start":{"line":313,"column":8},"end":{"line":313,"column":39}},"type":"binary-expr","locations":[{"start":{"line":313,"column":8},"end":{"line":313,"column":21}},{"start":{"line":313,"column":25},"end":{"line":313,"column":39}}]},"16":{"loc":{"start":{"line":320,"column":4},"end":{"line":325,"column":5}},"type":"if","locations":[{"start":{"line":320,"column":4},"end":{"line":325,"column":5}}]},"17":{"loc":{"start":{"line":320,"column":8},"end":{"line":320,"column":47}},"type":"binary-expr","locations":[{"start":{"line":320,"column":8},"end":{"line":320,"column":26}},{"start":{"line":320,"column":30},"end":{"line":320,"column":47}}]},"18":{"loc":{"start":{"line":348,"column":4},"end":{"line":380,"column":5}},"type":"if","locations":[{"start":{"line":348,"column":4},"end":{"line":380,"column":5}},{"start":{"line":354,"column":11},"end":{"line":380,"column":5}}]},"19":{"loc":{"start":{"line":349,"column":6},"end":{"line":350,"column":52}},"type":"binary-expr","locations":[{"start":{"line":349,"column":6},"end":{"line":349,"column":51}},{"start":{"line":350,"column":6},"end":{"line":350,"column":52}}]},"20":{"loc":{"start":{"line":349,"column":6},"end":{"line":349,"column":42}},"type":"cond-expr","locations":[{"start":{"line":349,"column":33},"end":{"line":349,"column":35}},{"start":{"line":349,"column":6},"end":{"line":349,"column":42}}]},"21":{"loc":{"start":{"line":349,"column":6},"end":{"line":349,"column":35}},"type":"binary-expr","locations":[{"start":{"line":349,"column":6},"end":{"line":349,"column":35}},{"start":{"line":349,"column":6},"end":{"line":349,"column":35}}]},"22":{"loc":{"start":{"line":350,"column":6},"end":{"line":350,"column":43}},"type":"cond-expr","locations":[{"start":{"line":350,"column":34},"end":{"line":350,"column":36}},{"start":{"line":350,"column":6},"end":{"line":350,"column":43}}]},"23":{"loc":{"start":{"line":350,"column":6},"end":{"line":350,"column":36}},"type":"binary-expr","locations":[{"start":{"line":350,"column":6},"end":{"line":350,"column":36}},{"start":{"line":350,"column":6},"end":{"line":350,"column":36}}]},"24":{"loc":{"start":{"line":354,"column":11},"end":{"line":380,"column":5}},"type":"if","locations":[{"start":{"line":354,"column":11},"end":{"line":380,"column":5}}]},"25":{"loc":{"start":{"line":355,"column":6},"end":{"line":356,"column":53}},"type":"binary-expr","locations":[{"start":{"line":355,"column":6},"end":{"line":355,"column":52}},{"start":{"line":356,"column":6},"end":{"line":356,"column":53}}]},"26":{"loc":{"start":{"line":355,"column":6},"end":{"line":355,"column":42}},"type":"cond-expr","locations":[{"start":{"line":355,"column":33},"end":{"line":355,"column":35}},{"start":{"line":355,"column":6},"end":{"line":355,"column":42}}]},"27":{"loc":{"start":{"line":355,"column":6},"end":{"line":355,"column":35}},"type":"binary-expr","locations":[{"start":{"line":355,"column":6},"end":{"line":355,"column":35}},{"start":{"line":355,"column":6},"end":{"line":355,"column":35}}]},"28":{"loc":{"start":{"line":356,"column":6},"end":{"line":356,"column":43}},"type":"cond-expr","locations":[{"start":{"line":356,"column":34},"end":{"line":356,"column":36}},{"start":{"line":356,"column":6},"end":{"line":356,"column":43}}]},"29":{"loc":{"start":{"line":356,"column":6},"end":{"line":356,"column":36}},"type":"binary-expr","locations":[{"start":{"line":356,"column":6},"end":{"line":356,"column":36}},{"start":{"line":356,"column":6},"end":{"line":356,"column":36}}]},"30":{"loc":{"start":{"line":417,"column":17},"end":{"line":417,"column":68}},"type":"cond-expr","locations":[{"start":{"line":417,"column":38},"end":{"line":417,"column":64}},{"start":{"line":417,"column":67},"end":{"line":417,"column":68}}]},"31":{"loc":{"start":{"line":418,"column":21},"end":{"line":418,"column":75}},"type":"cond-expr","locations":[{"start":{"line":418,"column":43},"end":{"line":418,"column":70}},{"start":{"line":418,"column":73},"end":{"line":418,"column":75}}]},"32":{"loc":{"start":{"line":427,"column":4},"end":{"line":440,"column":5}},"type":"if","locations":[{"start":{"line":427,"column":4},"end":{"line":440,"column":5}}]},"33":{"loc":{"start":{"line":478,"column":4},"end":{"line":494,"column":5}},"type":"if","locations":[{"start":{"line":478,"column":4},"end":{"line":494,"column":5}}]}},"s":{"0":3,"1":3,"2":3,"3":3,"4":3,"5":3,"6":3,"7":3,"8":4,"9":4,"10":4,"11":4,"12":4,"13":1,"14":1,"15":1,"16":3,"17":3,"18":2,"19":2,"20":1,"21":1,"22":1,"23":1,"24":1,"25":1,"26":1,"27":1,"28":0,"29":1,"30":0,"31":1,"32":0,"33":1,"34":1,"35":1,"36":1,"37":3,"38":3,"39":7,"40":7,"41":7,"42":7,"43":7,"44":1,"45":1,"46":1,"47":6,"48":6,"49":1,"50":1,"51":1,"52":5,"53":5,"54":1,"55":1,"56":1,"57":4,"58":4,"59":1,"60":1,"61":1,"62":3,"63":3,"64":3,"65":3,"66":3,"67":2,"68":2,"69":1,"70":1,"71":1,"72":1,"73":1,"74":1,"75":1,"76":1,"77":1,"78":1,"79":1,"80":0,"81":1,"82":0,"83":1,"84":1,"85":1,"86":1,"87":3,"88":3,"89":0,"90":0,"91":0,"92":0,"93":0,"94":0,"95":0,"96":0,"97":0,"98":0,"99":0,"100":0,"101":0,"102":0,"103":0,"104":0,"105":0,"106":0,"107":0,"108":0,"109":0,"110":0,"111":0,"112":0,"113":0,"114":0,"115":0,"116":3,"117":3,"118":0,"119":0,"120":0,"121":0,"122":0,"123":0,"124":0,"125":0,"126":0,"127":0,"128":0,"129":0,"130":0,"131":0,"132":0,"133":0,"134":3,"135":3,"136":0,"137":0,"138":0,"139":0,"140":0,"141":0,"142":0,"143":0,"144":0,"145":0,"146":0,"147":0,"148":0,"149":0,"150":0,"151":3},"f":{"0":4,"1":4,"2":7,"3":7,"4":0,"5":0,"6":0,"7":0,"8":0,"9":0},"b":{"0":[1],"1":[4,3,3],"2":[2],"3":[0,1],"4":[0,1],"5":[1],"6":[7,6],"7":[1],"8":[1],"9":[1],"10":[2],"11":[3,1],"12":[0,1],"13":[0,1],"14":[0],"15":[0,0],"16":[0],"17":[0,0],"18":[0,0],"19":[0,0],"20":[0,0],"21":[0,0],"22":[0,0],"23":[0,0],"24":[0],"25":[0,0],"26":[0,0],"27":[0,0],"28":[0,0],"29":[0,0],"30":[0,0],"31":[0,0],"32":[0],"33":[0]}}
,"/home/alex/Área de Trabalho/TS-NODE/Mini-E-commerce-TS-Prisma/src/v1/controllers/customExceptions/customExceptions.ts": {"path":"/home/alex/Área de Trabalho/TS-NODE/Mini-E-commerce-TS-Prisma/src/v1/controllers/customExceptions/customExceptions.ts","statementMap":{"0":{"start":{"line":3,"column":4},"end":{"line":3,"column":19}},"1":{"start":{"line":4,"column":4},"end":{"line":4,"column":44}},"2":{"start":{"line":15,"column":9},"end":{"line":15,"column":34}},"3":{"start":{"line":10,"column":4},"end":{"line":10,"column":19}},"4":{"start":{"line":11,"column":4},"end":{"line":11,"column":36}},"5":{"start":{"line":15,"column":36},"end":{"line":15,"column":53}}},"fnMap":{"0":{"name":"(anonymous_0)","decl":{"start":{"line":2,"column":2},"end":{"line":2,"column":14}},"loc":{"start":{"line":2,"column":29},"end":{"line":5,"column":3}}},"1":{"name":"(anonymous_1)","decl":{"start":{"line":9,"column":2},"end":{"line":9,"column":14}},"loc":{"start":{"line":9,"column":29},"end":{"line":12,"column":3}}}},"branchMap":{},"s":{"0":0,"1":0,"2":3,"3":0,"4":0,"5":3},"f":{"0":0,"1":0},"b":{}}
,"/home/alex/Área de Trabalho/TS-NODE/Mini-E-commerce-TS-Prisma/src/v1/routes/v1Routes.ts": {"path":"/home/alex/Área de Trabalho/TS-NODE/Mini-E-commerce-TS-Prisma/src/v1/routes/v1Routes.ts","statementMap":{"0":{"start":{"line":1,"column":0},"end":{"line":1,"column":52}},"1":{"start":{"line":2,"column":0},"end":{"line":2,"column":45}},"2":{"start":{"line":3,"column":0},"end":{"line":3,"column":52}},"3":{"start":{"line":4,"column":0},"end":{"line":4,"column":70}},"4":{"start":{"line":5,"column":0},"end":{"line":5,"column":77}},"5":{"start":{"line":6,"column":0},"end":{"line":6,"column":69}},"6":{"start":{"line":7,"column":0},"end":{"line":7,"column":65}},"7":{"start":{"line":8,"column":0},"end":{"line":8,"column":67}},"8":{"start":{"line":9,"column":0},"end":{"line":9,"column":null}},"9":{"start":{"line":15,"column":0},"end":{"line":15,"column":57}},"10":{"start":{"line":16,"column":0},"end":{"line":16,"column":67}},"11":{"start":{"line":17,"column":0},"end":{"line":17,"column":28}},"12":{"start":{"line":18,"column":0},"end":{"line":18,"column":16}},"13":{"start":{"line":20,"column":15},"end":{"line":20,"column":23}},"14":{"start":{"line":21,"column":0},"end":{"line":21,"column":28}},"15":{"start":{"line":24,"column":0},"end":{"line":24,"column":24}},"16":{"start":{"line":27,"column":0},"end":{"line":27,"column":28}},"17":{"start":{"line":28,"column":0},"end":{"line":28,"column":34}},"18":{"start":{"line":43,"column":0},"end":{"line":45,"column":3}},"19":{"start":{"line":44,"column":2},"end":{"line":44,"column":42}},"20":{"start":{"line":48,"column":0},"end":{"line":54,"column":2}},"21":{"start":{"line":51,"column":49},"end":{"line":53,"column":null}},"22":{"start":{"line":52,"column":4},"end":{"line":52,"column":38}},"23":{"start":{"line":56,"column":0},"end":{"line":62,"column":2}},"24":{"start":{"line":59,"column":49},"end":{"line":61,"column":null}},"25":{"start":{"line":60,"column":4},"end":{"line":60,"column":50}},"26":{"start":{"line":65,"column":0},"end":{"line":71,"column":2}},"27":{"start":{"line":68,"column":49},"end":{"line":70,"column":null}},"28":{"start":{"line":69,"column":4},"end":{"line":69,"column":44}},"29":{"start":{"line":106,"column":0},"end":{"line":114,"column":2}},"30":{"start":{"line":110,"column":49},"end":{"line":113,"column":null}},"31":{"start":{"line":111,"column":21},"end":{"line":111,"column":33}},"32":{"start":{"line":112,"column":4},"end":{"line":112,"column":52}},"33":{"start":{"line":151,"column":0},"end":{"line":159,"column":2}},"34":{"start":{"line":155,"column":49},"end":{"line":158,"column":null}},"35":{"start":{"line":156,"column":21},"end":{"line":156,"column":33}},"36":{"start":{"line":157,"column":4},"end":{"line":157,"column":49}},"37":{"start":{"line":186,"column":0},"end":{"line":188,"column":3}},"38":{"start":{"line":186,"column":73},"end":{"line":188,"column":2}},"39":{"start":{"line":187,"column":2},"end":{"line":187,"column":38}},"40":{"start":{"line":213,"column":0},"end":{"line":219,"column":2}},"41":{"start":{"line":216,"column":49},"end":{"line":218,"column":null}},"42":{"start":{"line":217,"column":4},"end":{"line":217,"column":42}},"43":{"start":{"line":222,"column":0},"end":{"line":229,"column":2}},"44":{"start":{"line":225,"column":49},"end":{"line":228,"column":null}},"45":{"start":{"line":226,"column":4},"end":{"line":226,"column":41}},"46":{"start":{"line":227,"column":4},"end":{"line":227,"column":62}},"47":{"start":{"line":231,"column":0},"end":{"line":231,"column":22}}},"fnMap":{"0":{"name":"(anonymous_8)","decl":{"start":{"line":43,"column":47},"end":{"line":43,"column":48}},"loc":{"start":{"line":43,"column":60},"end":{"line":45,"column":1}}},"1":{"name":"(anonymous_9)","decl":{"start":{"line":51,"column":2},"end":{"line":51,"column":9}},"loc":{"start":{"line":51,"column":49},"end":{"line":53,"column":null}}},"2":{"name":"(anonymous_10)","decl":{"start":{"line":51,"column":49},"end":{"line":51,"column":null}},"loc":{"start":{"line":51,"column":49},"end":{"line":53,"column":3}}},"3":{"name":"(anonymous_11)","decl":{"start":{"line":59,"column":2},"end":{"line":59,"column":9}},"loc":{"start":{"line":59,"column":49},"end":{"line":61,"column":null}}},"4":{"name":"(anonymous_12)","decl":{"start":{"line":59,"column":49},"end":{"line":59,"column":null}},"loc":{"start":{"line":59,"column":49},"end":{"line":61,"column":3}}},"5":{"name":"(anonymous_13)","decl":{"start":{"line":68,"column":2},"end":{"line":68,"column":9}},"loc":{"start":{"line":68,"column":49},"end":{"line":70,"column":null}}},"6":{"name":"(anonymous_14)","decl":{"start":{"line":68,"column":49},"end":{"line":68,"column":null}},"loc":{"start":{"line":68,"column":49},"end":{"line":70,"column":3}}},"7":{"name":"(anonymous_15)","decl":{"start":{"line":110,"column":2},"end":{"line":110,"column":9}},"loc":{"start":{"line":110,"column":49},"end":{"line":113,"column":null}}},"8":{"name":"(anonymous_16)","decl":{"start":{"line":110,"column":49},"end":{"line":110,"column":null}},"loc":{"start":{"line":110,"column":49},"end":{"line":113,"column":3}}},"9":{"name":"(anonymous_17)","decl":{"start":{"line":155,"column":2},"end":{"line":155,"column":9}},"loc":{"start":{"line":155,"column":49},"end":{"line":158,"column":null}}},"10":{"name":"(anonymous_18)","decl":{"start":{"line":155,"column":49},"end":{"line":155,"column":null}},"loc":{"start":{"line":155,"column":49},"end":{"line":158,"column":3}}},"11":{"name":"(anonymous_19)","decl":{"start":{"line":186,"column":26},"end":{"line":186,"column":33}},"loc":{"start":{"line":186,"column":73},"end":{"line":188,"column":2}}},"12":{"name":"(anonymous_20)","decl":{"start":{"line":186,"column":73},"end":{"line":186,"column":null}},"loc":{"start":{"line":186,"column":73},"end":{"line":188,"column":1}}},"13":{"name":"(anonymous_21)","decl":{"start":{"line":216,"column":2},"end":{"line":216,"column":9}},"loc":{"start":{"line":216,"column":49},"end":{"line":218,"column":null}}},"14":{"name":"(anonymous_22)","decl":{"start":{"line":216,"column":49},"end":{"line":216,"column":null}},"loc":{"start":{"line":216,"column":49},"end":{"line":218,"column":3}}},"15":{"name":"(anonymous_23)","decl":{"start":{"line":225,"column":2},"end":{"line":225,"column":9}},"loc":{"start":{"line":225,"column":49},"end":{"line":228,"column":null}}},"16":{"name":"(anonymous_24)","decl":{"start":{"line":225,"column":49},"end":{"line":225,"column":null}},"loc":{"start":{"line":225,"column":49},"end":{"line":228,"column":3}}}},"branchMap":{},"s":{"0":0,"1":0,"2":0,"3":0,"4":0,"5":0,"6":0,"7":0,"8":0,"9":0,"10":0,"11":0,"12":0,"13":0,"14":0,"15":0,"16":0,"17":0,"18":0,"19":0,"20":0,"21":0,"22":0,"23":0,"24":0,"25":0,"26":0,"27":0,"28":0,"29":0,"30":0,"31":0,"32":0,"33":0,"34":0,"35":0,"36":0,"37":0,"38":0,"39":0,"40":0,"41":0,"42":0,"43":0,"44":0,"45":0,"46":0,"47":0},"f":{"0":0,"1":0,"2":0,"3":0,"4":0,"5":0,"6":0,"7":0,"8":0,"9":0,"10":0,"11":0,"12":0,"13":0,"14":0,"15":0,"16":0},"b":{}}
}
