TN:
SF:src/server.ts
FN:13,(anonymous_1)
FNF:1
FNH:0
FNDA:0,(anonymous_1)
DA:1,0
DA:2,0
DA:3,0
DA:4,0
DA:6,0
DA:7,0
DA:9,0
DA:10,0
DA:11,0
DA:13,0
DA:14,0
DA:16,0
DA:17,0
LF:13
LH:0
BRF:0
BRH:0
end_of_record
TN:
SF:src/auth/jwt.ts
FN:15,(anonymous_8)
FN:30,(anonymous_9)
FN:45,(anonymous_10)
FN:59,(anonymous_11)
FN:63,(anonymous_12)
FN:154,(anonymous_13)
FNF:6
FNH:2
FNDA:1,(anonymous_8)
FNDA:1,(anonymous_9)
FNDA:0,(anonymous_10)
FNDA:0,(anonymous_11)
FNDA:0,(anonymous_12)
FNDA:0,(anonymous_13)
DA:2,2
DA:4,2
DA:5,2
DA:6,2
DA:8,2
DA:15,2
DA:16,1
DA:27,1
DA:30,2
DA:31,1
DA:42,1
DA:45,2
DA:46,0
DA:47,0
DA:48,0
DA:49,0
DA:50,0
DA:52,0
DA:53,0
DA:56,0
DA:59,2
DA:63,0
DA:64,0
DA:65,0
DA:67,0
DA:68,0
DA:71,0
DA:73,0
DA:74,0
DA:79,0
DA:86,0
DA:87,0
DA:90,0
DA:97,0
DA:98,0
DA:101,0
DA:108,0
DA:110,0
DA:117,0
DA:131,0
DA:145,0
DA:147,0
DA:148,0
DA:154,2
DA:155,0
DA:157,0
DA:158,0
DA:161,0
DA:162,0
DA:167,0
DA:168,0
DA:173,0
DA:174,0
DA:177,0
DA:178,0
DA:180,0
DA:181,0
DA:187,2
LF:58
LH:15
BRDA:52,0,0,0
BRDA:67,1,0,0
BRDA:73,2,0,0
BRDA:86,3,0,0
BRDA:97,4,0,0
BRDA:157,5,0,0
BRDA:167,6,0,0
BRDA:173,7,0,0
BRF:8
BRH:0
end_of_record
TN:
SF:src/database/index.ts
FNF:0
FNH:0
DA:1,3
DA:2,3
DA:4,3
LF:3
LH:3
BRF:0
BRH:0
end_of_record
TN:
SF:src/middleware/cors.ts
FNF:0
FNH:0
DA:1,0
DA:2,0
DA:4,0
DA:6,0
DA:14,0
LF:5
LH:0
BRF:0
BRH:0
end_of_record
TN:
SF:src/middleware/keycloak.ts
FNF:0
FNH:0
DA:1,0
DA:2,0
DA:3,0
DA:4,0
DA:5,0
DA:7,0
DA:9,0
DA:17,0
DA:25,0
DA:35,0
LF:10
LH:0
BRF:0
BRH:0
end_of_record
TN:
SF:src/middleware/routeRateLimit.ts
FN:11,(anonymous_1)
FNF:1
FNH:0
FNDA:0,(anonymous_1)
DA:1,0
DA:2,0
DA:3,0
DA:5,0
DA:12,0
DA:20,0
DA:26,0
LF:7
LH:0
BRF:0
BRH:0
end_of_record
TN:
SF:src/middleware/serverRateLimit.ts
FN:11,(anonymous_1)
FNF:1
FNH:0
FNDA:0,(anonymous_1)
DA:1,0
DA:2,0
DA:3,0
DA:5,0
DA:12,0
DA:19,0
DA:24,0
LF:7
LH:0
BRF:0
BRH:0
end_of_record
TN:
SF:src/middleware/validateResource.ts
FN:5,(anonymous_0)
FN:5,(anonymous_1)
FNF:2
FNH:0
FNDA:0,(anonymous_0)
FNDA:0,(anonymous_1)
DA:5,0
DA:6,0
DA:7,0
DA:12,0
DA:14,0
DA:18,0
LF:6
LH:0
BRF:0
BRH:0
end_of_record
TN:
SF:src/schema/user.schema.ts
FNF:0
FNH:0
DA:1,0
DA:42,0
DA:83,0
DA:119,0
LF:4
LH:0
BRF:0
BRH:0
end_of_record
TN:
SF:src/utils/api_metrics/tracer.ts
FNF:0
FNH:0
DA:1,0
DA:2,0
DA:3,0
DA:4,0
DA:5,0
DA:6,0
DA:8,0
DA:23,0
DA:24,0
DA:25,0
DA:27,0
LF:11
LH:0
BRF:0
BRH:0
end_of_record
TN:
SF:src/utils/docs/swagger.ts
FN:24,swaggerDocs
FN:26,(anonymous_2)
FNF:2
FNH:0
FNDA:0,swaggerDocs
FNDA:0,(anonymous_2)
DA:2,0
DA:3,0
DA:4,0
DA:6,0
DA:22,0
DA:25,0
DA:26,0
DA:27,0
DA:28,0
DA:32,0
LF:10
LH:0
BRF:0
BRH:0
end_of_record
TN:
SF:src/utils/log/logger.ts
FN:8,(anonymous_1)
FNF:1
FNH:0
FNDA:0,(anonymous_1)
DA:1,0
DA:2,0
DA:4,0
DA:9,0
DA:17,0
DA:30,0
LF:6
LH:0
BRF:0
BRH:0
end_of_record
TN:
SF:src/utils/log/loggerPattern.ts
FN:9,(anonymous_0)
FN:32,(anonymous_1)
FN:36,(anonymous_2)
FNF:3
FNH:3
FNDA:14,(anonymous_0)
FNDA:14,(anonymous_1)
FNDA:14,(anonymous_2)
DA:24,14
DA:25,14
DA:26,14
DA:27,14
DA:28,14
DA:29,14
DA:33,14
DA:37,14
DA:48,3
LF:9
LH:9
BRDA:9,0,0,0
BRDA:10,1,0,2
BRDA:11,2,0,14
BRDA:12,3,0,0
BRDA:13,4,0,0
BRDA:14,5,0,14
BRDA:15,6,0,14
BRF:7
BRH:4
end_of_record
TN:
SF:src/v1/controllers/CategoryController.ts
FN:7,(anonymous_8)
FN:7,(anonymous_9)
FNF:2
FNH:0
FNDA:0,(anonymous_8)
FNDA:0,(anonymous_9)
DA:3,0
DA:4,0
DA:5,0
DA:7,0
DA:8,0
DA:9,0
DA:11,0
DA:12,0
DA:14,0
DA:16,0
DA:21,0
DA:22,0
DA:27,0
DA:33,0
DA:36,0
DA:38,0
DA:43,0
DA:49,0
LF:18
LH:0
BRDA:11,0,0,0
BRDA:11,0,1,0
BRDA:12,1,0,0
BRDA:12,1,1,0
BRDA:21,2,0,0
BRF:5
BRH:0
end_of_record
TN:
SF:src/v1/controllers/UserController.ts
FN:16,(anonymous_8)
FN:16,(anonymous_9)
FN:126,(anonymous_10)
FN:126,(anonymous_11)
FN:305,(anonymous_12)
FN:305,(anonymous_13)
FN:413,(anonymous_14)
FN:413,(anonymous_15)
FN:459,(anonymous_16)
FN:459,(anonymous_17)
FNF:10
FNH:4
FNDA:4,(anonymous_8)
FNDA:4,(anonymous_9)
FNDA:7,(anonymous_10)
FNDA:7,(anonymous_11)
FNDA:0,(anonymous_12)
FNDA:0,(anonymous_13)
FNDA:0,(anonymous_14)
FNDA:0,(anonymous_15)
FNDA:0,(anonymous_16)
FNDA:0,(anonymous_17)
DA:1,3
DA:7,3
DA:8,3
DA:9,3
DA:10,3
DA:11,3
DA:12,3
DA:16,4
DA:17,4
DA:18,4
DA:20,4
DA:22,4
DA:23,1
DA:29,1
DA:34,1
DA:37,3
DA:55,3
DA:56,2
DA:62,2
DA:67,1
DA:70,1
DA:71,1
DA:78,1
DA:86,1
DA:88,1
DA:94,1
DA:100,1
DA:102,0
DA:105,1
DA:106,0
DA:107,1
DA:108,0
DA:110,1
DA:115,1
DA:120,1
DA:121,1
DA:126,7
DA:127,7
DA:128,7
DA:130,7
DA:132,7
DA:133,1
DA:139,1
DA:144,1
DA:147,6
DA:149,6
DA:150,1
DA:156,1
DA:161,1
DA:164,5
DA:176,5
DA:177,1
DA:183,1
DA:188,1
DA:191,4
DA:193,4
DA:194,1
DA:200,1
DA:205,1
DA:208,3
DA:209,3
DA:211,3
DA:212,3
DA:214,3
DA:215,2
DA:221,2
DA:226,1
DA:229,1
DA:237,1
DA:245,1
DA:252,1
DA:259,1
DA:265,1
DA:271,1
DA:277,1
DA:282,1
DA:284,1
DA:285,0
DA:286,1
DA:287,0
DA:289,1
DA:290,1
DA:295,1
DA:300,1
DA:305,3
DA:306,0
DA:307,0
DA:309,0
DA:311,0
DA:313,0
DA:314,0
DA:317,0
DA:318,0
DA:320,0
DA:321,0
DA:327,0
DA:338,0
DA:348,0
DA:352,0
DA:353,0
DA:354,0
DA:358,0
DA:368,0
DA:378,0
DA:379,0
DA:382,0
DA:387,0
DA:393,0
DA:398,0
DA:400,0
DA:405,0
DA:413,3
DA:414,0
DA:415,0
DA:417,0
DA:418,0
DA:420,0
DA:422,0
DA:427,0
DA:428,0
DA:433,0
DA:439,0
DA:442,0
DA:444,0
DA:449,0
DA:454,0
DA:455,0
DA:459,3
DA:460,0
DA:461,0
DA:463,0
DA:465,0
DA:478,0
DA:479,0
DA:484,0
DA:490,0
DA:496,0
DA:502,0
DA:508,0
DA:510,0
DA:515,0
DA:521,0
LF:142
LH:82
BRDA:22,0,0,1
BRDA:22,1,0,4
BRDA:22,1,1,3
BRDA:22,1,2,3
BRDA:55,2,0,2
BRDA:105,3,0,0
BRDA:105,3,1,1
BRDA:107,4,0,0
BRDA:107,4,1,1
BRDA:132,5,0,1
BRDA:132,6,0,7
BRDA:132,6,1,6
BRDA:149,7,0,1
BRDA:176,8,0,1
BRDA:193,9,0,1
BRDA:214,10,0,2
BRDA:214,11,0,3
BRDA:214,11,1,1
BRDA:284,12,0,0
BRDA:284,12,1,1
BRDA:286,13,0,0
BRDA:286,13,1,1
BRDA:313,14,0,0
BRDA:313,15,0,0
BRDA:313,15,1,0
BRDA:320,16,0,0
BRDA:320,17,0,0
BRDA:320,17,1,0
BRDA:348,18,0,0
BRDA:348,18,1,0
BRDA:349,19,0,0
BRDA:349,19,1,0
BRDA:349,20,0,0
BRDA:349,20,1,0
BRDA:349,21,0,0
BRDA:349,21,1,0
BRDA:350,22,0,0
BRDA:350,22,1,0
BRDA:350,23,0,0
BRDA:350,23,1,0
BRDA:354,24,0,0
BRDA:355,25,0,0
BRDA:355,25,1,0
BRDA:355,26,0,0
BRDA:355,26,1,0
BRDA:355,27,0,0
BRDA:355,27,1,0
BRDA:356,28,0,0
BRDA:356,28,1,0
BRDA:356,29,0,0
BRDA:356,29,1,0
BRDA:417,30,0,0
BRDA:417,30,1,0
BRDA:418,31,0,0
BRDA:418,31,1,0
BRDA:427,32,0,0
BRDA:478,33,0,0
BRF:57
BRH:18
end_of_record
TN:
SF:src/v1/controllers/customExceptions/customExceptions.ts
FN:2,(anonymous_0)
FN:9,(anonymous_1)
FNF:2
FNH:0
FNDA:0,(anonymous_0)
FNDA:0,(anonymous_1)
DA:3,0
DA:4,0
DA:10,0
DA:11,0
DA:15,3
LF:5
LH:1
BRF:0
BRH:0
end_of_record
TN:
SF:src/v1/routes/v1Routes.ts
FN:43,(anonymous_8)
FN:51,(anonymous_9)
FN:51,(anonymous_10)
FN:59,(anonymous_11)
FN:59,(anonymous_12)
FN:68,(anonymous_13)
FN:68,(anonymous_14)
FN:110,(anonymous_15)
FN:110,(anonymous_16)
FN:155,(anonymous_17)
FN:155,(anonymous_18)
FN:186,(anonymous_19)
FN:186,(anonymous_20)
FN:216,(anonymous_21)
FN:216,(anonymous_22)
FN:225,(anonymous_23)
FN:225,(anonymous_24)
FNF:17
FNH:0
FNDA:0,(anonymous_8)
FNDA:0,(anonymous_9)
FNDA:0,(anonymous_10)
FNDA:0,(anonymous_11)
FNDA:0,(anonymous_12)
FNDA:0,(anonymous_13)
FNDA:0,(anonymous_14)
FNDA:0,(anonymous_15)
FNDA:0,(anonymous_16)
FNDA:0,(anonymous_17)
FNDA:0,(anonymous_18)
FNDA:0,(anonymous_19)
FNDA:0,(anonymous_20)
FNDA:0,(anonymous_21)
FNDA:0,(anonymous_22)
FNDA:0,(anonymous_23)
FNDA:0,(anonymous_24)
DA:1,0
DA:2,0
DA:3,0
DA:4,0
DA:5,0
DA:6,0
DA:7,0
DA:8,0
DA:9,0
DA:15,0
DA:16,0
DA:17,0
DA:18,0
DA:20,0
DA:21,0
DA:24,0
DA:27,0
DA:28,0
DA:43,0
DA:44,0
DA:48,0
DA:51,0
DA:52,0
DA:56,0
DA:59,0
DA:60,0
DA:65,0
DA:68,0
DA:69,0
DA:106,0
DA:110,0
DA:111,0
DA:112,0
DA:151,0
DA:155,0
DA:156,0
DA:157,0
DA:186,0
DA:187,0
DA:213,0
DA:216,0
DA:217,0
DA:222,0
DA:225,0
DA:226,0
DA:227,0
DA:231,0
LF:47
LH:0
BRF:0
BRH:0
end_of_record
